<?xml version="1.0" encoding="UTF-8"?>
<!-- Generated by org.testng.reporters.JUnitReportReporter -->
<testsuite hostname="Sid" failures="0" tests="4" name="testCases.TC_003_Login_DDT" time="57.938" errors="0" timestamp="2023-09-03T21:32:00 IST" skipped="0">
  <testcase classname="testCases.TC_003_Login_DDT" name="test_loginDDT" time="2.718"/>
  <testcase classname="testCases.TC_003_Login_DDT" name="test_loginDDT" time="18.336"/>
  <testcase classname="testCases.TC_003_Login_DDT" name="test_loginDDT" time="23.743"/>
  <testcase classname="testCases.TC_003_Login_DDT" name="test_loginDDT" time="13.141"/>
</testsuite> <!-- testCases.TC_003_Login_DDT -->
