<?xml version="1.0" encoding="UTF-8"?>
<!-- Generated by org.testng.reporters.JUnitReportReporter -->
<testsuite hostname="Sid" failures="0" tests="1" name="testCases.TC_002_LoginTest" time="5.500" errors="0" timestamp="2023-09-04T23:00:55 IST" skipped="0">
  <testcase classname="testCases.TC_002_LoginTest" name="test_Login" time="5.500"/>
</testsuite> <!-- testCases.TC_002_LoginTest -->
