<?xml version="1.0" encoding="UTF-8"?>
<!-- Generated by org.testng.reporters.JUnitReportReporter -->
<testsuite hostname="Sid" failures="0" tests="1" name="testCases.TC_001_AccountRegistration" time="9.024" errors="0" timestamp="2023-09-04T23:00:55 IST" skipped="0">
  <testcase classname="testCases.TC_001_AccountRegistration" name="test_registration" time="9.024"/>
</testsuite> <!-- testCases.TC_001_AccountRegistration -->
